-2.5883077628979696
(0.0, 0.0, -0.9619778986942917, 0.2731273007659888)
[FILTERÔćĺODOM] x=2.149, y=4.251, yaw=-2.588
-2.5883077628979696
(0.0, 0.0, -0.9619778986942917, 0.2731273007659888)
[FILTERÔćĺODOM] x=2.149, y=4.251, yaw=-2.588
-2.5883077628979696
(0.0, 0.0, -0.9619778986942917, 0.2731273007659888)
[FILTERÔćĺODOM] x=2.149, y=4.251, yaw=-2.588
-2.5883077628979696
(0.0, 0.0, -0.9619778986942917, 0.2731273007659888)
[FILTERÔćĺODOM] x=2.149, y=4.251, yaw=-2.588
-2.5883077628979696
(0.0, 0.0, -0.9619778986942917, 0.2731273007659888)
[FILTERÔćĺODOM] x=2.149, y=4.251, yaw=-2.588
[GPS] 39.795976, 32.531623, 925.00, yaw=-2.59
-2.5883077628979696
(0.0, 0.0, -0.9619778986942917, 0.2731273007659888)
[FILTERÔćĺODOM] x=2.149, y=4.251, yaw=-2.588
-2.5883077628979696
(0.0, 0.0, -0.9619778986942917, 0.2731273007659888)
[FILTERÔćĺODOM] x=2.149, y=4.251, yaw=-2.588
-2.5883077628979696
(0.0, 0.0, -0.9619778986942917, 0.2731273007659888)
[FILTERÔćĺODOM] x=2.149, y=4.251, yaw=-2.588
-2.5883077628979696
(0.0, 0.0, -0.9619778986942917, 0.2731273007659888)
[FILTERÔćĺODOM] x=2.149, y=4.251, yaw=-2.588
-2.5883077628979696
(0.0, 0.0, -0.9619778986942917, 0.2731273007659888)
[FILTERÔćĺODOM] x=2.149, y=4.251, yaw=-2.588
-2.5883077628979696
(0.0, 0.0, -0.9619778986942917, 0.2731273007659888)
[FILTERÔćĺODOM] x=2.149, y=4.251, yaw=-2.588
-2.5883077628979696
(0.0, 0.0, -0.9619778986942917, 0.2731273007659888)
[FILTERÔćĺODOM] x=2.149, y=4.251, yaw=-2.588
-2.5883077628979696
(0.0, 0.0, -0.9619778986942917, 0.2731273007659888)
[FILTERÔćĺODOM] x=2.149, y=4.251, yaw=-2.588
[GPS] 39.795976, 32.531623, 925.00, yaw=-2.59
-2.5883077628979696
(0.0, 0.0, -0.9619778986942917, 0.2731273007659888)
[FILTERÔćĺODOM] x=2.149, y=4.251, yaw=-2.588
-2.5883077628979696
(0.0, 0.0, -0.9619778986942917, 0.2731273007659888)
[FILTERÔćĺODOM] x=2.149, y=4.251, yaw=-2.588
-2.5883077628979696
(0.0, 0.0, -0.9619778986942917, 0.2731273007659888)
[FILTERÔćĺODOM] x=2.149, y=4.251, yaw=-2.588
-2.5883077628979696
(0.0, 0.0, -0.9619778986942917, 0.2731273007659888)
[FILTERÔćĺODOM] x=2.149, y=4.251, yaw=-2.588
-2.5883077628979696
(0.0, 0.0, -0.9619778986942917, 0.2731273007659888)
[FILTERÔćĺODOM] x=2.149, y=4.251, yaw=-2.588
-2.5883077628979696
(0.0, 0.0, -0.9619778986942917, 0.2731273007659888)
[FILTERÔćĺODOM] x=2.149, y=4.251, yaw=-2.588
-2.5883077628979696
(0.0, 0.0, -0.9619778986942917, 0.2731273007659888)
[FILTERÔćĺODOM] x=2.149, y=4.251, yaw=-2.588
-2.5883077628979696
(0.0, 0.0, -0.9619778986942917, 0.2731273007659888)
[FILTERÔćĺODOM] x=2.149, y=4.251, yaw=-2.588
-2.5883077628979696
(0.0, 0.0, -0.9619778986942917, 0.2731273007659888)
[FILTERÔćĺODOM] x=2.149, y=4.251, yaw=-2.588
[GPS] 39.795976, 32.531623, 925.01, yaw=-2.59
-2.5883077628979696
(0.0, 0.0, -0.9619778986942917, 0.2731273007659888)
[FILTERÔćĺODOM] x=2.149, y=4.251, yaw=-2.588
-2.5883077628979696
(0.0, 0.0, -0.9619778986942917, 0.2731273007659888)
[FILTERÔćĺODOM] x=2.149, y=4.251, yaw=-2.588
-2.5883077628979696
(0.0, 0.0, -0.9619778986942917, 0.2731273007659888)
[FILTERÔćĺODOM] x=2.149, y=4.251, yaw=-2.588
-2.5883077628979696
(0.0, 0.0, -0.9619778986942917, 0.2731273007659888)
[FILTERÔćĺODOM] x=2.149, y=4.251, yaw=-2.588
-2.5883077628979696
(0.0, 0.0, -0.9619778986942917, 0.2731273007659888)
[FILTERÔćĺODOM] x=2.149, y=4.251, yaw=-2.588
-2.5883077628979696
(0.0, 0.0, -0.9619778986942917, 0.2731273007659888)
[FILTERÔćĺODOM] x=2.149, y=4.251, yaw=-2.588
-2.5883077628979696
(0.0, 0.0, -0.9619778986942917, 0.2731273007659888)
[FILTERÔćĺODOM] x=2.149, y=4.251, yaw=-2.588
[GPS] 39.795976, 32.531623, 925.01, yaw=-2.59
-2.5883077628979696
(0.0, 0.0, -0.9619778986942917, 0.2731273007659888)
[FILTERÔćĺODOM] x=2.149, y=4.251, yaw=-2.588
-2.5883077628979696
(0.0, 0.0, -0.9619778986942917, 0.2731273007659888)
[FILTERÔćĺODOM] x=2.149, y=4.251, yaw=-2.588
-2.5883077628979696
(0.0, 0.0, -0.9619778986942917, 0.2731273007659888)
[FILTERÔćĺODOM] x=2.149, y=4.251, yaw=-2.588
-2.5883077628979696
(0.0, 0.0, -0.9619778986942917, 0.2731273007659888)
[FILTERÔćĺODOM] x=2.149, y=4.251, yaw=-2.588
-2.5883077628979696
(0.0, 0.0, -0.9619778986942917, 0.2731273007659888)
[FILTERÔćĺODOM] x=2.149, y=4.251, yaw=-2.588
-2.5883077628979696
(0.0, 0.0, -0.9619778986942917, 0.2731273007659888)
[FILTERÔćĺODOM] x=2.149, y=4.251, yaw=-2.588
-2.5883077628979696
(0.0, 0.0, -0.9619778986942917, 0.2731273007659888)
[FILTERÔćĺODOM] x=2.149, y=4.251, yaw=-2.588
-2.5883077628979696
(0.0, 0.0, -0.9619778986942917, 0.2731273007659888)
[FILTERÔćĺODOM] x=2.149, y=4.251, yaw=-2.588
-2.5883077628979696
(0.0, 0.0, -0.9619778986942917, 0.2731273007659888)
[FILTERÔćĺODOM] x=2.149, y=4.251, yaw=-2.588
[GPS] 39.795976, 32.531623, 924.99, yaw=-2.59
-2.5883077628979696
(0.0, 0.0, -0.9619778986942917, 0.2731273007659888)
[FILTERÔćĺODOM] x=2.149, y=4.251, yaw=-2.588
-2.5883077628979696
(0.0, 0.0, -0.9619778986942917, 0.2731273007659888)
[FILTERÔćĺODOM] x=2.149, y=4.251, yaw=-2.588
-2.5883077628979696
(0.0, 0.0, -0.9619778986942917, 0.2731273007659888)
[FILTERÔćĺODOM] x=2.149, y=4.251, yaw=-2.588
-2.5883077628979696
(0.0, 0.0, -0.9619778986942917, 0.2731273007659888)
[FILTERÔćĺODOM] x=2.149, y=4.251, yaw=-2.588
-2.5883077628979696
(0.0, 0.0, -0.9619778986942917, 0.2731273007659888)
[FILTERÔćĺODOM] x=2.149, y=4.251, yaw=-2.588
-2.5883077628979696
(0.0, 0.0, -0.9619778986942917, 0.2731273007659888)
[FILTERÔćĺODOM] x=2.149, y=4.251, yaw=-2.588
-2.5883077628979696
(0.0, 0.0, -0.9619778986942917, 0.2731273007659888)
[FILTERÔćĺODOM] x=2.149, y=4.251, yaw=-2.588
-2.5883077628979696
(0.0, 0.0, -0.9619778986942917, 0.2731273007659888)
[FILTERÔćĺODOM] x=2.149, y=4.251, yaw=-2.588
[GPS] 39.795976, 32.531623, 925.01, yaw=-2.59
-2.5883077628979696
(0.0, 0.0, -0.9619778986942917, 0.2731273007659888)
[FILTERÔćĺODOM] x=2.149, y=4.251, yaw=-2.588
-2.5883077628979696
(0.0, 0.0, -0.9619778986942917, 0.2731273007659888)
[FILTERÔćĺODOM] x=2.149, y=4.251, yaw=-2.588
-2.5883077628979696
(0.0, 0.0, -0.9619778986942917, 0.2731273007659888)
[FILTERÔćĺODOM] x=2.149, y=4.251, yaw=-2.588
-2.5883077628979696
(0.0, 0.0, -0.9619778986942917, 0.2731273007659888)
[FILTERÔćĺODOM] x=2.149, y=4.251, yaw=-2.588
-2.5883077628979696
(0.0, 0.0, -0.9619778986942917, 0.2731273007659888)
[FILTERÔćĺODOM] x=2.149, y=4.251, yaw=-2.588
-2.5883077628979696
(0.0, 0.0, -0.9619778986942917, 0.2731273007659888)
[FILTERÔćĺODOM] x=2.149, y=4.251, yaw=-2.588
-2.5883077628979696
(0.0, 0.0, -0.9619778986942917, 0.2731273007659888)
[FILTERÔćĺODOM] x=2.149, y=4.251, yaw=-2.588
-2.5883077628979696
(0.0, 0.0, -0.9619778986942917, 0.2731273007659888)
[FILTERÔćĺODOM] x=2.149, y=4.251, yaw=-2.588
[GPS] 39.795976, 32.531623, 925.01, yaw=-2.59
-2.5883077628979696
(0.0, 0.0, -0.9619778986942917, 0.2731273007659888)
[FILTERÔćĺODOM] x=2.149, y=4.251, yaw=-2.588
-2.5883077628979696
(0.0, 0.0, -0.9619778986942917, 0.2731273007659888)
[FILTERÔćĺODOM] x=2.149, y=4.251, yaw=-2.588
-2.5883077628979696
(0.0, 0.0, -0.9619778986942917, 0.2731273007659888)
[FILTERÔćĺODOM] x=2.149, y=4.251, yaw=-2.588
-2.5883077628979696
(0.0, 0.0, -0.9619778986942917, 0.2731273007659888)
[FILTERÔćĺODOM] x=2.149, y=4.251, yaw=-2.588
-2.5883077628979696
(0.0, 0.0, -0.9619778986942917, 0.2731273007659888)
[FILTERÔćĺODOM] x=2.149, y=4.251, yaw=-2.588
-2.5883077628979696
(0.0, 0.0, -0.9619778986942917, 0.2731273007659888)
[FILTERÔćĺODOM] x=2.149, y=4.251, yaw=-2.588
-2.5883077628979696
(0.0, 0.0, -0.9619778986942917, 0.2731273007659888)
[FILTERÔćĺODOM] x=2.149, y=4.251, yaw=-2.588
-2.5883077628979696
(0.0, 0.0, -0.9619778986942917, 0.2731273007659888)
[FILTERÔćĺODOM] x=2.149, y=4.251, yaw=-2.588
-2.5883077628979696
(0.0, 0.0, -0.9619778986942917, 0.2731273007659888)
[FILTERÔćĺODOM] x=2.149, y=4.251, yaw=-2.588
[GPS] 39.795976, 32.531623, 925.00, yaw=-2.59
-2.5883077628979696
(0.0, 0.0, -0.9619778986942917, 0.2731273007659888)
[FILTERÔćĺODOM] x=2.149, y=4.251, yaw=-2.588
-2.5883077628979696
(0.0, 0.0, -0.9619778986942917, 0.2731273007659888)
[FILTERÔćĺODOM] x=2.149, y=4.251, yaw=-2.588
-2.5883077628979696
(0.0, 0.0, -0.9619778986942917, 0.2731273007659888)
[FILTERÔćĺODOM] x=2.149, y=4.251, yaw=-2.588
-2.5883077628979696
(0.0, 0.0, -0.9619778986942917, 0.2731273007659888)
[FILTERÔćĺODOM] x=2.149, y=4.251, yaw=-2.588
-2.5883077628979696
(0.0, 0.0, -0.9619778986942917, 0.2731273007659888)
[FILTERÔćĺODOM] x=2.149, y=4.251, yaw=-2.588
-2.5883077628979696
(0.0, 0.0, -0.9619778986942917, 0.2731273007659888)
[FILTERÔćĺODOM] x=2.149, y=4.251, yaw=-2.588
-2.5883077628979696
(0.0, 0.0, -0.9619778986942917, 0.2731273007659888)
[FILTERÔćĺODOM] x=2.149, y=4.251, yaw=-2.588
[GPS] 39.795976, 32.531623, 925.00, yaw=-2.59
-2.5883077628979696
(0.0, 0.0, -0.9619778986942917, 0.2731273007659888)
[FILTERÔćĺODOM] x=2.149, y=4.251, yaw=-2.588
-2.5883077628979696
(0.0, 0.0, -0.9619778986942917, 0.2731273007659888)
[FILTERÔćĺODOM] x=2.149, y=4.251, yaw=-2.588
-2.5883077628979696
(0.0, 0.0, -0.9619778986942917, 0.2731273007659888)
[FILTERÔćĺODOM] x=2.149, y=4.251, yaw=-2.588
-2.5883077628979696
(0.0, 0.0, -0.9619778986942917, 0.2731273007659888)
[FILTERÔćĺODOM] x=2.149, y=4.251, yaw=-2.588
-2.5883077628979696
(0.0, 0.0, -0.9619778986942917, 0.2731273007659888)
[FILTERÔćĺODOM] x=2.149, y=4.251, yaw=-2.588
-2.5883077628979696
(0.0, 0.0, -0.9619778986942917, 0.2731273007659888)
[FILTERÔćĺODOM] x=2.149, y=4.251, yaw=-2.588
-2.5883077628979696
(0.0, 0.0, -0.9619778986942917, 0.2731273007659888)
[FILTERÔćĺODOM] x=2.149, y=4.251, yaw=-2.588
-2.5883077628979696
(0.0, 0.0, -0.9619778986942917, 0.2731273007659888)
[FILTERÔćĺODOM] x=2.149, y=4.251, yaw=-2.588
-2.5883077628979696
(0.0, 0.0, -0.9619778986942917, 0.2731273007659888)
[FILTERÔćĺODOM] x=2.149, y=4.251, yaw=-2.588
[GPS] 39.795976, 32.531623, 925.00, yaw=-2.59
-2.5883077628979696
(0.0, 0.0, -0.9619778986942917, 0.2731273007659888)
[FILTERÔćĺODOM] x=2.149, y=4.251, yaw=-2.588
-2.5883077628979696
(0.0, 0.0, -0.9619778986942917, 0.2731273007659888)
[FILTERÔćĺODOM] x=2.149, y=4.251, yaw=-2.588
-2.5883077628979696
(0.0, 0.0, -0.9619778986942917, 0.2731273007659888)
[FILTERÔćĺODOM] x=2.149, y=4.251, yaw=-2.588
-2.5883077628979696
(0.0, 0.0, -0.9619778986942917, 0.2731273007659888)
[FILTERÔćĺODOM] x=2.149, y=4.251, yaw=-2.588
-2.5883077628979696
(0.0, 0.0, -0.9619778986942917, 0.2731273007659888)
[FILTERÔćĺODOM] x=2.149, y=4.251, yaw=-2.588
-2.5883077628979696
(0.0, 0.0, -0.9619778986942917, 0.2731273007659888)
[FILTERÔćĺODOM] x=2.149, y=4.251, yaw=-2.588
-2.5883077628979696
(0.0, 0.0, -0.9619778986942917, 0.2731273007659888)
[FILTERÔćĺODOM] x=2.149, y=4.251, yaw=-2.588
-2.5883077628979696
(0.0, 0.0, -0.9619778986942917, 0.2731273007659888)
[FILTERÔćĺODOM] x=2.149, y=4.251, yaw=-2.588
[GPS] 39.795976, 32.531623, 925.01, yaw=-2.59
-2.5883077628979696
(0.0, 0.0, -0.9619778986942917, 0.2731273007659888)
[FILTERÔćĺODOM] x=2.149, y=4.251, yaw=-2.588
-2.5883077628979696
(0.0, 0.0, -0.9619778986942917, 0.2731273007659888)
[FILTERÔćĺODOM] x=2.149, y=4.251, yaw=-2.588
-2.5883077628979696
(0.0, 0.0, -0.9619778986942917, 0.2731273007659888)
[FILTERÔćĺODOM] x=2.149, y=4.251, yaw=-2.588
-2.5883077628979696
(0.0, 0.0, -0.9619778986942917, 0.2731273007659888)
[FILTERÔćĺODOM] x=2.149, y=4.251, yaw=-2.588
-2.5883077628979696
(0.0, 0.0, -0.9619778986942917, 0.2731273007659888)
[FILTERÔćĺODOM] x=2.149, y=4.251, yaw=-2.588
-2.5883077628979696
(0.0, 0.0, -0.9619778986942917, 0.2731273007659888)
[FILTERÔćĺODOM] x=2.149, y=4.251, yaw=-2.588
-2.5883077628979696
(0.0, 0.0, -0.9619778986942917, 0.2731273007659888)
[FILTERÔćĺODOM] x=2.149, y=4.251, yaw=-2.588
-2.5883077628979696
(0.0, 0.0, -0.9619778986942917, 0.2731273007659888)
[FILTERÔćĺODOM] x=2.149, y=4.251, yaw=-2.588
[GPS] 39.795976, 32.531623, 925.01, yaw=-2.59
-2.5883077628979696
(0.0, 0.0, -0.9619778986942917, 0.2731273007659888)
[FILTERÔćĺODOM] x=2.149, y=4.251, yaw=-2.588
-2.5883077628979696
(0.0, 0.0, -0.9619778986942917, 0.2731273007659888)
[FILTERÔćĺODOM] x=2.149, y=4.251, yaw=-2.588
-2.5883077628979696
(0.0, 0.0, -0.9619778986942917, 0.2731273007659888)
[FILTERÔćĺODOM] x=2.149, y=4.251, yaw=-2.588
-2.5883077628979696
(0.0, 0.0, -0.9619778986942917, 0.2731273007659888)
[FILTERÔćĺODOM] x=2.149, y=4.251, yaw=-2.588
-2.5883077628979696
(0.0, 0.0, -0.9619778986942917, 0.2731273007659888)
[FILTERÔćĺODOM] x=2.149, y=4.251, yaw=-2.588
-2.5883077628979696
(0.0, 0.0, -0.9619778986942917, 0.2731273007659888)
[FILTERÔćĺODOM] x=2.149, y=4.251, yaw=-2.588
-2.5883077628979696
(0.0, 0.0, -0.9619778986942917, 0.2731273007659888)
[FILTERÔćĺODOM] x=2.149, y=4.251, yaw=-2.588
-2.5883077628979696
(0.0, 0.0, -0.9619778986942917, 0.2731273007659888)
[FILTERÔćĺODOM] x=2.149, y=4.251, yaw=-2.588
-2.5883077628979696
(0.0, 0.0, -0.9619778986942917, 0.2731273007659888)
[FILTERÔćĺODOM] x=2.149, y=4.251, yaw=-2.588
[GPS] 39.795976, 32.531623, 925.00, yaw=-2.59
-2.5883077628979696
(0.0, 0.0, -0.9619778986942917, 0.2731273007659888)
[FILTERÔćĺODOM] x=2.149, y=4.251, yaw=-2.588
-2.5883077628979696
(0.0, 0.0, -0.9619778986942917, 0.2731273007659888)
[FILTERÔćĺODOM] x=2.149, y=4.251, yaw=-2.588
-2.5883077628979696
(0.0, 0.0, -0.9619778986942917, 0.2731273007659888)
[FILTERÔćĺODOM] x=2.149, y=4.251, yaw=-2.588
-2.5883077628979696
(0.0, 0.0, -0.9619778986942917, 0.2731273007659888)
[FILTERÔćĺODOM] x=2.149, y=4.251, yaw=-2.588
-2.5883077628979696
(0.0, 0.0, -0.9619778986942917, 0.2731273007659888)
[FILTERÔćĺODOM] x=2.149, y=4.251, yaw=-2.588
-2.5883077628979696
(0.0, 0.0, -0.9619778986942917, 0.2731273007659888)
[FILTERÔćĺODOM] x=2.149, y=4.251, yaw=-2.588
-2.5883077628979696
(0.0, 0.0, -0.9619778986942917, 0.2731273007659888)
[FILTERÔćĺODOM] x=2.149, y=4.251, yaw=-2.588
-2.5883077628979696
(0.0, 0.0, -0.9619778986942917, 0.2731273007659888)
[FILTERÔćĺODOM] x=2.149, y=4.251, yaw=-2.588
[GPS] 39.795976, 32.531623, 925.01, yaw=-2.59
-2.5883077628979696
(0.0, 0.0, -0.9619778986942917, 0.2731273007659888)
[FILTERÔćĺODOM] x=2.149, y=4.251, yaw=-2.588
-2.5883077628979696
(0.0, 0.0, -0.9619778986942917, 0.2731273007659888)
[FILTERÔćĺODOM] x=2.149, y=4.251, yaw=-2.588
-2.5883077628979696
(0.0, 0.0, -0.9619778986942917, 0.2731273007659888)
[FILTERÔćĺODOM] x=2.149, y=4.251, yaw=-2.588
-2.5883077628979696
(0.0, 0.0, -0.9619778986942917, 0.2731273007659888)
[FILTERÔćĺODOM] x=2.149, y=4.251, yaw=-2.588
-2.5883077628979696
(0.0, 0.0, -0.9619778986942917, 0.2731273007659888)
[FILTERÔćĺODOM] x=2.149, y=4.251, yaw=-2.588
[GPS] 39.795976, 32.531623, 925.00, yaw=-2.59
-2.5883077628979696
(0.0, 0.0, -0.9619778986942917, 0.2731273007659888)
[FILTERÔćĺODOM] x=2.149, y=4.251, yaw=-2.588
-2.5883077628979696
(0.0, 0.0, -0.9619778986942917, 0.2731273007659888)
[FILTERÔćĺODOM] x=2.149, y=4.251, yaw=-2.588
-2.5883077628979696
(0.0, 0.0, -0.9619778986942917, 0.2731273007659888)
[FILTERÔćĺODOM] x=2.149, y=4.251, yaw=-2.588
-2.5883077628979696
(0.0, 0.0, -0.9619778986942917, 0.2731273007659888)
[FILTERÔćĺODOM] x=2.149, y=4.251, yaw=-2.588
-2.5883077628979696
(0.0, 0.0, -0.9619778986942917, 0.2731273007659888)
[FILTERÔćĺODOM] x=2.149, y=4.251, yaw=-2.588
-2.5883077628979696
(0.0, 0.0, -0.9619778986942917, 0.2731273007659888)
[FILTERÔćĺODOM] x=2.149, y=4.251, yaw=-2.588
-2.5883077628979696
(0.0, 0.0, -0.9619778986942917, 0.2731273007659888)
[FILTERÔćĺODOM] x=2.149, y=4.251, yaw=-2.588
-2.5883077628979696
(0.0, 0.0, -0.9619778986942917, 0.2731273007659888)
[FILTERÔćĺODOM] x=2.149, y=4.251, yaw=-2.588
-2.5883077628979696
(0.0, 0.0, -0.9619778986942917, 0.2731273007659888)
[FILTERÔćĺODOM] x=2.149, y=4.251, yaw=-2.588
-2.5883077628979696
(0.0, 0.0, -0.9619778986942917, 0.2731273007659888)
[FILTERÔćĺODOM] x=2.149, y=4.251, yaw=-2.588
-2.5883077628979696
(0.0, 0.0, -0.9619778986942917, 0.2731273007659888)
[FILTERÔćĺODOM] x=2.149, y=4.251, yaw=-2.588
[GPS] 39.795976, 32.531623, 925.00, yaw=-2.59
-2.5883077628979696
(0.0, 0.0, -0.9619778986942917, 0.2731273007659888)
[FILTERÔćĺODOM] x=2.149, y=4.251, yaw=-2.588
-2.5883077628979696
(0.0, 0.0, -0.9619778986942917, 0.2731273007659888)
[FILTERÔćĺODOM] x=2.149, y=4.251, yaw=-2.588
-2.5883077628979696
(0.0, 0.0, -0.9619778986942917, 0.2731273007659888)
[FILTERÔćĺODOM] x=2.149, y=4.251, yaw=-2.588
-2.5883077628979696
(0.0, 0.0, -0.9619778986942917, 0.2731273007659888)
[FILTERÔćĺODOM] x=2.149, y=4.251, yaw=-2.588
-2.5883077628979696
(0.0, 0.0, -0.9619778986942917, 0.2731273007659888)
[FILTERÔćĺODOM] x=2.149, y=4.251, yaw=-2.588
-2.5883077628979696
(0.0, 0.0, -0.9619778986942917, 0.2731273007659888)
[FILTERÔćĺODOM] x=2.149, y=4.251, yaw=-2.588
-2.5883077628979696
(0.0, 0.0, -0.9619778986942917, 0.2731273007659888)
[FILTERÔćĺODOM] x=2.149, y=4.251, yaw=-2.588
-2.5883077628979696
(0.0, 0.0, -0.9619778986942917, 0.2731273007659888)
[FILTERÔćĺODOM] x=2.149, y=4.251, yaw=-2.588
[GPS] 39.795976, 32.531623, 925.01, yaw=-2.59
-2.5883077628979696
(0.0, 0.0, -0.9619778986942917, 0.2731273007659888)
[FILTERÔćĺODOM] x=2.149, y=4.251, yaw=-2.588
-2.5883077628979696
(0.0, 0.0, -0.9619778986942917, 0.2731273007659888)
[FILTERÔćĺODOM] x=2.149, y=4.251, yaw=-2.588
-2.5883077628979696
(0.0, 0.0, -0.9619778986942917, 0.2731273007659888)
[FILTERÔćĺODOM] x=2.149, y=4.251, yaw=-2.588
-2.5883077628979696
(0.0, 0.0, -0.9619778986942917, 0.2731273007659888)
[FILTERÔćĺODOM] x=2.149, y=4.251, yaw=-2.588
-2.5883077628979696
(0.0, 0.0, -0.9619778986942917, 0.2731273007659888)
[FILTERÔćĺODOM] x=2.149, y=4.251, yaw=-2.588
-2.5883077628979696
(0.0, 0.0, -0.9619778986942917, 0.2731273007659888)
[FILTERÔćĺODOM] x=2.149, y=4.251, yaw=-2.588
-2.5883077628979696
(0.0, 0.0, -0.9619778986942917, 0.2731273007659888)
[FILTERÔćĺODOM] x=2.149, y=4.251, yaw=-2.588
-2.5883077628979696
(0.0, 0.0, -0.9619778986942917, 0.2731273007659888)
[FILTERÔćĺODOM] x=2.149, y=4.251, yaw=-2.588
-2.5883077628979696
(0.0, 0.0, -0.9619778986942917, 0.2731273007659888)
[FILTERÔćĺODOM] x=2.149, y=4.251, yaw=-2.588
[GPS] 39.795976, 32.531623, 925.00, yaw=-2.59
-2.5883077628979696
(0.0, 0.0, -0.9619778986942917, 0.2731273007659888)
[FILTERÔćĺODOM] x=2.149, y=4.251, yaw=-2.588
-2.5883077628979696
(0.0, 0.0, -0.9619778986942917, 0.2731273007659888)
[FILTERÔćĺODOM] x=2.149, y=4.251, yaw=-2.588
-2.5883077628979696
(0.0, 0.0, -0.9619778986942917, 0.2731273007659888)
[FILTERÔćĺODOM] x=2.149, y=4.251, yaw=-2.588
-2.5883077628979696
(0.0, 0.0, -0.9619778986942917, 0.2731273007659888)
[FILTERÔćĺODOM] x=2.149, y=4.251, yaw=-2.588
-2.5883077628979696
(0.0, 0.0, -0.9619778986942917, 0.2731273007659888)
[FILTERÔćĺODOM] x=2.149, y=4.251, yaw=-2.588
-2.5883077628979696
(0.0, 0.0, -0.9619778986942917, 0.2731273007659888)
[FILTERÔćĺODOM] x=2.149, y=4.251, yaw=-2.588
-2.5883077628979696
(0.0, 0.0, -0.9619778986942917, 0.2731273007659888)
[FILTERÔćĺODOM] x=2.149, y=4.251, yaw=-2.588
-2.5883077628979696
(0.0, 0.0, -0.9619778986942917, 0.2731273007659888)
[FILTERÔćĺODOM] x=2.149, y=4.251, yaw=-2.588
[GPS] 39.795976, 32.531623, 925.01, yaw=-2.59
-2.5883077628979696
(0.0, 0.0, -0.9619778986942917, 0.2731273007659888)
[FILTERÔćĺODOM] x=2.149, y=4.251, yaw=-2.588
-2.5883077628979696
(0.0, 0.0, -0.9619778986942917, 0.2731273007659888)
[FILTERÔćĺODOM] x=2.149, y=4.251, yaw=-2.588
-2.5883077628979696
(0.0, 0.0, -0.9619778986942917, 0.2731273007659888)
[FILTERÔćĺODOM] x=2.149, y=4.251, yaw=-2.588
-2.5883077628979696
(0.0, 0.0, -0.9619778986942917, 0.2731273007659888)
[FILTERÔćĺODOM] x=2.149, y=4.251, yaw=-2.588
-2.5883077628979696
(0.0, 0.0, -0.9619778986942917, 0.2731273007659888)
[FILTERÔćĺODOM] x=2.149, y=4.251, yaw=-2.588
-2.5883077628979696
(0.0, 0.0, -0.9619778986942917, 0.2731273007659888)
[FILTERÔćĺODOM] x=2.149, y=4.251, yaw=-2.588
-2.5883077628979696
(0.0, 0.0, -0.9619778986942917, 0.2731273007659888)
[FILTERÔćĺODOM] x=2.149, y=4.251, yaw=-2.588
-2.5883077628979696
(0.0, 0.0, -0.9619778986942917, 0.2731273007659888)
[FILTERÔćĺODOM] x=2.149, y=4.251, yaw=-2.588
[GPS] 39.795976, 32.531623, 925.00, yaw=-2.59
-2.5883077628979696
(0.0, 0.0, -0.9619778986942917, 0.2731273007659888)
[FILTERÔćĺODOM] x=2.149, y=4.251, yaw=-2.588
-2.5883077628979696
(0.0, 0.0, -0.9619778986942917, 0.2731273007659888)
[FILTERÔćĺODOM] x=2.149, y=4.251, yaw=-2.588
-2.5883077628979696
(0.0, 0.0, -0.9619778986942917, 0.2731273007659888)
[FILTERÔćĺODOM] x=2.149, y=4.251, yaw=-2.588
-2.5883077628979696
(0.0, 0.0, -0.9619778986942917, 0.2731273007659888)
[FILTERÔćĺODOM] x=2.149, y=4.251, yaw=-2.588
-2.5883077628979696
(0.0, 0.0, -0.9619778986942917, 0.2731273007659888)
[FILTERÔćĺODOM] x=2.149, y=4.251, yaw=-2.588
-2.5883077628979696
(0.0, 0.0, -0.9619778986942917, 0.2731273007659888)
[FILTERÔćĺODOM] x=2.149, y=4.251, yaw=-2.588
-2.5883077628979696
(0.0, 0.0, -0.9619778986942917, 0.2731273007659888)
[FILTERÔćĺODOM] x=2.149, y=4.251, yaw=-2.588
-2.5883077628979696
(0.0, 0.0, -0.9619778986942917, 0.2731273007659888)
[FILTERÔćĺODOM] x=2.149, y=4.251, yaw=-2.588
[GPS] 39.795976, 32.531623, 925.01, yaw=-2.59
-2.5883077628979696
(0.0, 0.0, -0.9619778986942917, 0.2731273007659888)
[FILTERÔćĺODOM] x=2.149, y=4.251, yaw=-2.588
-2.5883077628979696
(0.0, 0.0, -0.9619778986942917, 0.2731273007659888)
[FILTERÔćĺODOM] x=2.149, y=4.251, yaw=-2.588
-2.5883077628979696
(0.0, 0.0, -0.9619778986942917, 0.2731273007659888)
[FILTERÔćĺODOM] x=2.149, y=4.251, yaw=-2.588
-2.5883077628979696
(0.0, 0.0, -0.9619778986942917, 0.2731273007659888)
[FILTERÔćĺODOM] x=2.149, y=4.251, yaw=-2.588
-2.5883077628979696
(0.0, 0.0, -0.9619778986942917, 0.2731273007659888)
[FILTERÔćĺODOM] x=2.149, y=4.251, yaw=-2.588
-2.5883077628979696
(0.0, 0.0, -0.9619778986942917, 0.2731273007659888)
[FILTERÔćĺODOM] x=2.149, y=4.251, yaw=-2.588
-2.5883077628979696
(0.0, 0.0, -0.9619778986942917, 0.2731273007659888)
[FILTERÔćĺODOM] x=2.149, y=4.251, yaw=-2.588
-2.5883077628979696
(0.0, 0.0, -0.9619778986942917, 0.2731273007659888)
[FILTERÔćĺODOM] x=2.149, y=4.251, yaw=-2.588
-2.5883077628979696
(0.0, 0.0, -0.9619778986942917, 0.2731273007659888)
[FILTERÔćĺODOM] x=2.149, y=4.251, yaw=-2.588
[GPS] 39.795976, 32.531623, 925.00, yaw=-2.59
-2.5883077628979696
(0.0, 0.0, -0.9619778986942917, 0.2731273007659888)
[FILTERÔćĺODOM] x=2.149, y=4.251, yaw=-2.588
-2.5883077628979696
(0.0, 0.0, -0.9619778986942917, 0.2731273007659888)
[FILTERÔćĺODOM] x=2.149, y=4.251, yaw=-2.588
-2.5883077628979696
(0.0, 0.0, -0.9619778986942917, 0.2731273007659888)
[FILTERÔćĺODOM] x=2.149, y=4.251, yaw=-2.588
-2.5883077628979696
(0.0, 0.0, -0.9619778986942917, 0.2731273007659888)
[FILTERÔćĺODOM] x=2.149, y=4.251, yaw=-2.588
-2.5883077628979696
(0.0, 0.0, -0.9619778986942917, 0.2731273007659888)
[FILTERÔćĺODOM] x=2.149, y=4.251, yaw=-2.588
-2.5883077628979696
(0.0, 0.0, -0.9619778986942917, 0.2731273007659888)
[FILTERÔćĺODOM] x=2.149, y=4.251, yaw=-2.588
-2.5883077628979696
(0.0, 0.0, -0.9619778986942917, 0.2731273007659888)
[FILTERÔćĺODOM] x=2.149, y=4.251, yaw=-2.588
-2.5883077628979696
(0.0, 0.0, -0.9619778986942917, 0.2731273007659888)
[FILTERÔćĺODOM] x=2.149, y=4.251, yaw=-2.588
[GPS] 39.795976, 32.531623, 925.00, yaw=-2.59
-2.5883077628979696
(0.0, 0.0, -0.9619778986942917, 0.2731273007659888)
[FILTERÔćĺODOM] x=2.149, y=4.251, yaw=-2.588
-2.5883077628979696
(0.0, 0.0, -0.9619778986942917, 0.2731273007659888)
[FILTERÔćĺODOM] x=2.149, y=4.251, yaw=-2.588
-2.5883077628979696
(0.0, 0.0, -0.9619778986942917, 0.2731273007659888)
[FILTERÔćĺODOM] x=2.149, y=4.251, yaw=-2.588
-2.5883077628979696
(0.0, 0.0, -0.9619778986942917, 0.2731273007659888)
[FILTERÔćĺODOM] x=2.149, y=4.251, yaw=-2.588
-2.5883077628979696
(0.0, 0.0, -0.9619778986942917, 0.2731273007659888)
[FILTERÔćĺODOM] x=2.149, y=4.251, yaw=-2.588
-2.5883077628979696
(0.0, 0.0, -0.9619778986942917, 0.2731273007659888)
[FILTERÔćĺODOM] x=2.149, y=4.251, yaw=-2.588
-2.5883077628979696
(0.0, 0.0, -0.9619778986942917, 0.2731273007659888)
[FILTERÔćĺODOM] x=2.149, y=4.251, yaw=-2.588
-2.5883077628979696
(0.0, 0.0, -0.9619778986942917, 0.2731273007659888)
[FILTERÔćĺODOM] x=2.149, y=4.251, yaw=-2.588
[GPS] 39.795976, 32.531623, 925.01, yaw=-2.59
-2.5883077628979696
(0.0, 0.0, -0.9619778986942917, 0.2731273007659888)
[FILTERÔćĺODOM] x=2.149, y=4.251, yaw=-2.588
-2.5883077628979696
(0.0, 0.0, -0.9619778986942917, 0.2731273007659888)
[FILTERÔćĺODOM] x=2.149, y=4.251, yaw=-2.588
-2.5883077628979696
(0.0, 0.0, -0.9619778986942917, 0.2731273007659888)
[FILTERÔćĺODOM] x=2.149, y=4.251, yaw=-2.588
-2.5883077628979696
(0.0, 0.0, -0.9619778986942917, 0.2731273007659888)
[FILTERÔćĺODOM] x=2.149, y=4.251, yaw=-2.588
-2.5883077628979696
(0.0, 0.0, -0.9619778986942917, 0.2731273007659888)
[FILTERÔćĺODOM] x=2.149, y=4.251, yaw=-2.588
-2.5883077628979696
(0.0, 0.0, -0.9619778986942917, 0.2731273007659888)
[FILTERÔćĺODOM] x=2.149, y=4.251, yaw=-2.588
-2.5883077628979696
(0.0, 0.0, -0.9619778986942917, 0.2731273007659888)
[FILTERÔćĺODOM] x=2.149, y=4.251, yaw=-2.588
-2.5883077628979696
(0.0, 0.0, -0.9619778986942917, 0.2731273007659888)
[FILTERÔćĺODOM] x=2.149, y=4.251, yaw=-2.588
-2.5883077628979696
(0.0, 0.0, -0.9619778986942917, 0.2731273007659888)
[FILTERÔćĺODOM] x=2.149, y=4.251, yaw=-2.588
[GPS] 39.795976, 32.531623, 925.00, yaw=-2.59
-2.5883077628979696
(0.0, 0.0, -0.9619778986942917, 0.2731273007659888)
[FILTERÔćĺODOM] x=2.149, y=4.251, yaw=-2.588
-2.5883077628979696
(0.0, 0.0, -0.9619778986942917, 0.2731273007659888)
[FILTERÔćĺODOM] x=2.149, y=4.251, yaw=-2.588
-2.5883077628979696
(0.0, 0.0, -0.9619778986942917, 0.2731273007659888)
[FILTERÔćĺODOM] x=2.149, y=4.251, yaw=-2.588
-2.5883077628979696
(0.0, 0.0, -0.9619778986942917, 0.2731273007659888)
[FILTERÔćĺODOM] x=2.149, y=4.251, yaw=-2.588
-2.5883077628979696
(0.0, 0.0, -0.9619778986942917, 0.2731273007659888)
[FILTERÔćĺODOM] x=2.149, y=4.251, yaw=-2.588
-2.5883077628979696
(0.0, 0.0, -0.9619778986942917, 0.2731273007659888)
[FILTERÔćĺODOM] x=2.149, y=4.251, yaw=-2.588
-2.5883077628979696
(0.0, 0.0, -0.9619778986942917, 0.2731273007659888)
[FILTERÔćĺODOM] x=2.149, y=4.251, yaw=-2.588
[GPS] 39.795976, 32.531623, 925.00, yaw=-2.59
-2.5883077628979696
(0.0, 0.0, -0.9619778986942917, 0.2731273007659888)
[FILTERÔćĺODOM] x=2.149, y=4.251, yaw=-2.588
-2.5883077628979696
(0.0, 0.0, -0.9619778986942917, 0.2731273007659888)
[FILTERÔćĺODOM] x=2.149, y=4.251, yaw=-2.588
-2.5883077628979696
(0.0, 0.0, -0.9619778986942917, 0.2731273007659888)
[FILTERÔćĺODOM] x=2.149, y=4.251, yaw=-2.588
-2.5883077628979696
(0.0, 0.0, -0.9619778986942917, 0.2731273007659888)
[FILTERÔćĺODOM] x=2.149, y=4.251, yaw=-2.588
-2.5883077628979696
(0.0, 0.0, -0.9619778986942917, 0.2731273007659888)
[FILTERÔćĺODOM] x=2.149, y=4.251, yaw=-2.588
-2.5883077628979696
(0.0, 0.0, -0.9619778986942917, 0.2731273007659888)
[FILTERÔćĺODOM] x=2.149, y=4.251, yaw=-2.588
-2.5883077628979696
(0.0, 0.0, -0.9619778986942917, 0.2731273007659888)
[FILTERÔćĺODOM] x=2.149, y=4.251, yaw=-2.588
-2.5883077628979696
(0.0, 0.0, -0.9619778986942917, 0.2731273007659888)
Traceback (most recent call last):
  File "/home/cuma_karaaslan/ros2_amiga_ws/src/ros2_bridge/src/gps_filter.py", line 163, in main
    asyncio.run(main_async(args.config))
  File "/usr/lib/python3.12/asyncio/runners.py", line 194, in run
    return runner.run(main)
           ^^^^^^^^^^^^^^^^
  File "/usr/lib/python3.12/asyncio/runners.py", line 118, in run
    return self._loop.run_until_complete(task)
           ^^^^^^^^^^^^^^^^^^^^^^^^^^^^^^^^^^^
  File "/usr/lib/python3.12/asyncio/base_events.py", line 687, in run_until_complete
    return future.result()
           ^^^^^^^^^^^^^^^
  File "/home/cuma_karaaslan/ros2_amiga_ws/src/ros2_bridge/src/gps_filter.py", line 152, in main_async
    await node.run()
  File "/home/cuma_karaaslan/ros2_amiga_ws/src/ros2_bridge/src/gps_filter.py", line 146, in run
    await asyncio.gather(*tasks)
  File "/home/cuma_karaaslan/ros2_amiga_ws/src/ros2_bridge/src/gps_filter.py", line 135, in _subscribe
    self.pub_odom.publish(odom_msg)
  File "/opt/ros/jazzy/lib/python3.12/site-packages/rclpy/publisher.py", line 70, in publish
    self.__publisher.publish(msg)
rclpy._rclpy_pybind11.RCLError: Failed to publish: publisher's context is invalid, at ./src/rcl/publisher.c:423

During handling of the above exception, another exception occurred:

Traceback (most recent call last):
  File "/home/cuma_karaaslan/ros2_amiga_ws/src/ros2_bridge/src/gps_filter.py", line 171, in <module>
    main()
  File "/home/cuma_karaaslan/ros2_amiga_ws/src/ros2_bridge/src/gps_filter.py", line 167, in main
    rclpy.shutdown()
  File "/opt/ros/jazzy/lib/python3.12/site-packages/rclpy/__init__.py", line 134, in shutdown
    _shutdown(context=context)
  File "/opt/ros/jazzy/lib/python3.12/site-packages/rclpy/utilities.py", line 82, in shutdown
    context.shutdown()
  File "/opt/ros/jazzy/lib/python3.12/site-packages/rclpy/context.py", line 129, in shutdown
    self.__context.shutdown()
rclpy._rclpy_pybind11.RCLError: failed to shutdown: rcl_shutdown already called on the given context, at ./src/rcl/init.c:333
