Traceback (most recent call last):
  File "/home/cuma_karaaslan/ros2_amiga_ws/src/ros2_bridge/src/imu_to_ros.py", line 83, in main
    asyncio.run(node.run())
  File "/usr/lib/python3.12/asyncio/runners.py", line 194, in run
    return runner.run(main)
           ^^^^^^^^^^^^^^^^
  File "/usr/lib/python3.12/asyncio/runners.py", line 118, in run
    return self._loop.run_until_complete(task)
           ^^^^^^^^^^^^^^^^^^^^^^^^^^^^^^^^^^^
  File "/usr/lib/python3.12/asyncio/base_events.py", line 687, in run_until_complete
    return future.result()
           ^^^^^^^^^^^^^^^
  File "/home/cuma_karaaslan/ros2_amiga_ws/src/ros2_bridge/src/imu_to_ros.py", line 65, in run
    self.pub.publish(imu_msg)
  File "/opt/ros/jazzy/lib/python3.12/site-packages/rclpy/publisher.py", line 70, in publish
    self.__publisher.publish(msg)
rclpy._rclpy_pybind11.RCLError: Failed to publish: publisher's context is invalid, at ./src/rcl/publisher.c:423

During handling of the above exception, another exception occurred:

Traceback (most recent call last):
  File "/home/cuma_karaaslan/ros2_amiga_ws/src/ros2_bridge/src/imu_to_ros.py", line 92, in <module>
    main()
  File "/home/cuma_karaaslan/ros2_amiga_ws/src/ros2_bridge/src/imu_to_ros.py", line 88, in main
    rclpy.shutdown()
  File "/opt/ros/jazzy/lib/python3.12/site-packages/rclpy/__init__.py", line 134, in shutdown
    _shutdown(context=context)
  File "/opt/ros/jazzy/lib/python3.12/site-packages/rclpy/utilities.py", line 82, in shutdown
    context.shutdown()
  File "/opt/ros/jazzy/lib/python3.12/site-packages/rclpy/context.py", line 129, in shutdown
    self.__context.shutdown()
rclpy._rclpy_pybind11.RCLError: failed to shutdown: rcl_shutdown already called on the given context, at ./src/rcl/init.c:333
